<?xml version="1.0" encoding="UTF-8"?>
<testsuite name="com.bridgelabz.NIOFileAPITest" tests="1" skipped="0" failures="0" errors="0" timestamp="2021-08-11T13:52:44" hostname="DEEPSINGH" time="0.067">
  <properties/>
  <testcase name="givenPathWhenCheckedThenConfirm" classname="com.bridgelabz.NIOFileAPITest" time="0.067"/>
  <system-out><![CDATA[C:\Users\admin\TempPlayGround\temp1
C:\Users\admin\TempPlayGround\temp2
C:\Users\admin\TempPlayGround\temp3
C:\Users\admin\TempPlayGround\temp4
C:\Users\admin\TempPlayGround\temp5
C:\Users\admin\TempPlayGround\temp6
C:\Users\admin\TempPlayGround\temp7
C:\Users\admin\TempPlayGround\temp8
C:\Users\admin\TempPlayGround\temp9
C:\Users\admin\TempPlayGround\temp1
C:\Users\admin\TempPlayGround\temp2
C:\Users\admin\TempPlayGround\temp3
C:\Users\admin\TempPlayGround\temp4
C:\Users\admin\TempPlayGround\temp5
C:\Users\admin\TempPlayGround\temp6
C:\Users\admin\TempPlayGround\temp7
C:\Users\admin\TempPlayGround\temp8
C:\Users\admin\TempPlayGround\temp9
]]></system-out>
  <system-err><![CDATA[]]></system-err>
</testsuite>
